2024-06-28 15:28:05,164 - SauceDemoProject -INFO - apply the validation
2024-06-28 15:28:05,526 - SauceDemoProject -INFO - Browser is closed
2024-06-28 15:29:19,097 - SauceDemoProject -INFO - apply the validation
2024-06-28 15:29:19,383 - SauceDemoProject -INFO - Browser is closed
2024-06-28 15:45:14,478 - SauceDemoProject -INFO - apply the validation
2024-06-28 15:45:14,860 - SauceDemoProject -INFO - Browser is closed
2024-06-28 15:51:21,856 - SauceDemoProject -INFO - apply the validation
2024-06-28 15:51:22,334 - SauceDemoProject -INFO - Browser is closed
2024-06-28 15:52:26,212 - SauceDemoProject -INFO - apply the validation
2024-06-28 15:52:26,609 - SauceDemoProject -INFO - Browser is closed
2024-06-28 16:15:32,201 - SauceDemoProject -INFO - Browser is closed
2024-06-28 16:15:33,845 - SauceDemoProject -INFO - Browser is opened
2024-06-28 16:15:34,862 - SauceDemoProject -INFO - Browser is maximized
2024-06-28 16:15:35,202 - SauceDemoProject -INFO - apply the validation
2024-06-28 16:15:35,640 - SauceDemoProject -INFO - Browser is closed
2024-06-28 16:15:37,069 - SauceDemoProject -INFO - Browser is opened
2024-06-28 16:15:37,917 - SauceDemoProject -INFO - Browser is maximized
2024-06-28 16:15:41,663 - SauceDemoProject -INFO - Browser is closed
2024-06-28 16:23:46,355 - SauceDemoProject -INFO - Browser is closed
2024-06-28 16:25:13,120 - SauceDemoProject -INFO - Browser is closed
2024-06-28 16:25:21,074 - SauceDemoProject -INFO - Browser is opened
2024-06-28 16:25:21,274 - SauceDemoProject -INFO - Browser is maximized
2024-06-28 16:25:22,050 - SauceDemoProject -INFO - Browser is closed
2024-06-28 16:25:29,300 - SauceDemoProject -INFO - Browser is opened
2024-06-28 16:25:29,358 - SauceDemoProject -INFO - Browser is maximized
2024-06-28 16:25:38,167 - SauceDemoProject -INFO - Browser is closed
2024-06-28 16:29:24,542 - SauceDemoProject -INFO - Browser is closed
2024-06-28 16:29:27,239 - SauceDemoProject -INFO - Browser is opened
2024-06-28 16:29:27,289 - SauceDemoProject -INFO - Browser is maximized
2024-06-28 16:29:27,633 - SauceDemoProject -INFO - apply the validation
2024-06-28 16:29:28,457 - SauceDemoProject -INFO - Browser is closed
2024-06-28 16:29:31,621 - SauceDemoProject -INFO - Browser is opened
2024-06-28 16:29:31,671 - SauceDemoProject -INFO - Browser is maximized
2024-06-28 16:29:37,417 - SauceDemoProject -INFO - Browser is closed
2024-06-28 16:49:00,611 - SauceDemoProject -INFO - Browser is closed
2024-06-28 16:49:03,397 - SauceDemoProject -INFO - Browser is opened
2024-06-28 16:49:03,446 - SauceDemoProject -INFO - Browser is maximized
2024-06-28 16:49:03,758 - SauceDemoProject -INFO - apply the validation
2024-06-28 16:49:04,572 - SauceDemoProject -INFO - Browser is closed
2024-06-28 16:49:07,070 - SauceDemoProject -INFO - Browser is opened
2024-06-28 16:49:07,119 - SauceDemoProject -INFO - Browser is maximized
2024-06-28 16:49:11,484 - SauceDemoProject -INFO - Browser is closed
2024-06-28 17:23:06,302 - SauceDemoProject -INFO - Browser is closed
2024-06-28 17:23:10,622 - SauceDemoProject -INFO - Browser is opened
2024-06-28 17:23:10,701 - SauceDemoProject -INFO - Browser is maximized
2024-06-28 17:23:10,962 - SauceDemoProject -INFO - apply the validation
2024-06-28 17:23:11,517 - SauceDemoProject -INFO - Browser is closed
2024-06-28 17:23:14,454 - SauceDemoProject -INFO - Browser is opened
2024-06-28 17:23:14,522 - SauceDemoProject -INFO - Browser is maximized
2024-06-28 17:23:18,944 - SauceDemoProject -INFO - Browser is closed
2024-06-28 17:25:42,281 - SauceDemoProject -INFO - Browser is closed
2024-06-28 17:25:44,712 - SauceDemoProject -INFO - Browser is opened
2024-06-28 17:25:44,769 - SauceDemoProject -INFO - Browser is maximized
2024-06-28 17:25:45,083 - SauceDemoProject -INFO - apply the validation
2024-06-28 17:25:45,674 - SauceDemoProject -INFO - Browser is closed
2024-06-28 17:25:47,913 - SauceDemoProject -INFO - Browser is opened
2024-06-28 17:25:48,981 - SauceDemoProject -INFO - Browser is maximized
2024-06-28 17:25:51,619 - SauceDemoProject -INFO - Browser is closed
2024-06-28 17:27:33,288 - SauceDemoProject -INFO - apply the validation
2024-06-28 17:27:33,867 - SauceDemoProject -INFO - Browser is closed
2024-06-28 17:28:03,073 - SauceDemoProject -INFO - apply the validation
2024-06-28 17:28:03,407 - SauceDemoProject -INFO - Browser is closed
2024-06-28 17:28:57,897 - SauceDemoProject -INFO - Browser is closed
2024-06-28 17:29:00,724 - SauceDemoProject -INFO - Browser is opened
2024-06-28 17:29:00,791 - SauceDemoProject -INFO - Browser is maximized
2024-06-28 17:29:01,090 - SauceDemoProject -INFO - apply the validation
2024-06-28 17:29:01,406 - SauceDemoProject -INFO - Browser is closed
2024-06-28 17:29:04,010 - SauceDemoProject -INFO - Browser is opened
2024-06-28 17:29:04,060 - SauceDemoProject -INFO - Browser is maximized
2024-06-28 17:29:07,370 - SauceDemoProject -INFO - Browser is closed
2024-06-28 17:32:07,714 - SauceDemoProject -INFO - Browser is opened
2024-06-28 17:32:07,764 - SauceDemoProject -INFO - Browser is maximized
2024-06-28 17:32:08,103 - SauceDemoProject -INFO - apply the validation
2024-06-28 17:32:11,042 - SauceDemoProject -INFO - Browser is opened
2024-06-28 17:32:11,108 - SauceDemoProject -INFO - Browser is maximized
2024-06-28 17:36:11,474 - SauceDemoProject -INFO - apply the validation
2024-06-28 17:36:14,521 - SauceDemoProject -INFO - Browser is opened
2024-06-28 17:36:14,575 - SauceDemoProject -INFO - Browser is maximized
2024-06-28 17:36:23,105 - SauceDemoProject -INFO - Browser is opened
2024-06-28 17:36:23,166 - SauceDemoProject -INFO - Browser is maximized
2024-06-28 22:28:44,609 - SauceDemoProject -INFO - apply the validation
2024-06-28 22:28:44,954 - SauceDemoProject -INFO - Browser is closed
2024-06-28 22:28:48,113 - SauceDemoProject -INFO - Browser is opened
2024-06-28 22:28:48,158 - SauceDemoProject -INFO - Browser is maximized
2024-06-28 22:28:56,087 - SauceDemoProject -INFO - Browser is closed
2024-06-28 22:28:59,159 - SauceDemoProject -INFO - Browser is opened
2024-06-28 22:29:01,042 - SauceDemoProject -INFO - Browser is maximized
2024-06-28 22:29:03,567 - SauceDemoProject -INFO - Browser is closed
2024-06-28 22:57:31,853 - SauceDemoProject -INFO - apply the validation
2024-06-28 22:57:33,182 - SauceDemoProject -INFO - Browser is closed
2024-06-28 22:57:37,642 - SauceDemoProject -INFO - Browser is opened
2024-06-28 22:57:37,882 - SauceDemoProject -INFO - Browser is maximized
2024-06-28 22:57:46,636 - SauceDemoProject -INFO - Browser is opened
2024-06-28 22:57:46,846 - SauceDemoProject -INFO - Browser is maximized
2024-06-28 23:05:18,162 - SauceDemoProject -INFO - apply the validation
2024-06-28 23:05:20,905 - SauceDemoProject -INFO - Browser is opened
2024-06-28 23:05:22,061 - SauceDemoProject -INFO - Browser is maximized
2024-06-28 23:11:20,950 - SauceDemoProject -INFO - apply the validation
2024-06-28 23:11:46,869 - SauceDemoProject -INFO - Browser is opened
2024-06-28 23:11:46,988 - SauceDemoProject -INFO - Browser is maximized
2024-06-28 23:11:57,833 - SauceDemoProject -INFO - Browser is opened
2024-06-28 23:11:57,971 - SauceDemoProject -INFO - Browser is maximized
2024-06-28 23:12:00,619 - SauceDemoProject -INFO - click on shoppingcart
2024-06-28 23:12:00,684 - SauceDemoProject -INFO - clicked on checkouttab
2024-06-28 23:12:00,772 - SauceDemoProject -INFO - entered first name
2024-06-28 23:12:00,939 - SauceDemoProject -INFO - entered last name
2024-06-28 23:12:01,048 - SauceDemoProject -INFO - entered postalcode
2024-06-28 23:12:01,150 - SauceDemoProject -INFO - clicked on continuebutton
2024-06-28 23:12:01,229 - SauceDemoProject -INFO - click on FInish
2024-06-28 23:27:49,856 - SauceDemoProject -INFO - apply the validation
2024-06-28 23:27:53,823 - SauceDemoProject -INFO - Browser is opened
2024-06-28 23:27:54,940 - SauceDemoProject -INFO - Browser is maximized
2024-06-28 23:28:05,306 - SauceDemoProject -INFO - Browser is opened
2024-06-28 23:28:05,577 - SauceDemoProject -INFO - Browser is maximized
2024-06-28 23:29:40,912 - SauceDemoProject -INFO - apply the validation
2024-06-28 23:29:45,198 - SauceDemoProject -INFO - Browser is opened
2024-06-28 23:29:45,315 - SauceDemoProject -INFO - Browser is maximized
2024-06-28 23:29:55,495 - SauceDemoProject -INFO - Browser is opened
2024-06-28 23:29:55,824 - SauceDemoProject -INFO - Browser is maximized
2024-06-28 23:32:10,272 - SauceDemoProject -INFO - apply the validation
2024-06-28 23:32:13,094 - SauceDemoProject -INFO - Browser is opened
2024-06-28 23:32:14,527 - SauceDemoProject -INFO - Browser is maximized
2024-06-28 23:32:26,271 - SauceDemoProject -INFO - Browser is opened
2024-06-28 23:32:26,409 - SauceDemoProject -INFO - Browser is maximized
2024-06-28 23:38:00,993 - SauceDemoProject -INFO - apply the validation
2024-06-28 23:38:04,584 - SauceDemoProject -INFO - Browser is opened
2024-06-28 23:38:04,767 - SauceDemoProject -INFO - Browser is maximized
2024-06-28 23:38:14,304 - SauceDemoProject -INFO - Browser is opened
2024-06-28 23:38:14,648 - SauceDemoProject -INFO - Browser is maximized
2024-06-28 23:38:18,092 - SauceDemoProject -INFO - click on shoppingcart
2024-06-28 23:38:18,198 - SauceDemoProject -INFO - clicked on checkouttab
2024-06-28 23:38:18,348 - SauceDemoProject -INFO - entered first name
2024-06-28 23:38:18,854 - SauceDemoProject -INFO - entered last name
2024-06-28 23:38:19,168 - SauceDemoProject -INFO - entered postalcode
2024-06-28 23:38:19,318 - SauceDemoProject -INFO - clicked on continuebutton
2024-06-28 23:38:19,446 - SauceDemoProject -INFO - click on FInish
2024-06-29 07:08:19,180 - SauceDemoProject -INFO - apply the validation
2024-06-29 07:08:21,528 - SauceDemoProject -INFO - Browser is opened
2024-06-29 07:08:22,347 - SauceDemoProject -INFO - Browser is maximized
2024-06-29 07:08:30,678 - SauceDemoProject -INFO - Browser is opened
2024-06-29 07:08:30,781 - SauceDemoProject -INFO - Browser is maximized
2024-06-29 07:08:33,630 - SauceDemoProject -INFO - click on shoppingcart
2024-06-29 07:08:33,733 - SauceDemoProject -INFO - clicked on checkouttab
2024-06-29 07:08:33,990 - SauceDemoProject -INFO - entered first name
2024-06-29 07:08:34,141 - SauceDemoProject -INFO - entered last name
2024-06-29 07:08:34,311 - SauceDemoProject -INFO - entered postalcode
2024-06-29 07:08:34,462 - SauceDemoProject -INFO - clicked on continuebutton
2024-06-29 07:08:34,598 - SauceDemoProject -INFO - click on FInish
2024-06-29 07:14:46,351 - SauceDemoProject -INFO - apply the validation
2024-06-29 07:14:46,501 - SauceDemoProject -INFO - username is entered
2024-06-29 07:14:46,620 - SauceDemoProject -INFO - password is entered
2024-06-29 07:14:46,775 - SauceDemoProject -INFO - click on Login Button
2024-06-29 07:14:47,099 - SauceDemoProject -INFO - Browser is closed
2024-06-29 07:14:49,711 - SauceDemoProject -INFO - Browser is opened
2024-06-29 07:14:49,744 - SauceDemoProject -INFO - Browser is maximized
2024-06-29 07:14:54,364 - SauceDemoProject -INFO - Bag product will get selected
2024-06-29 07:14:54,878 - SauceDemoProject -INFO - Browser is closed
2024-06-29 07:14:56,324 - SauceDemoProject -INFO - Browser is opened
2024-06-29 07:14:57,016 - SauceDemoProject -INFO - Browser is maximized
2024-06-29 07:14:59,675 - SauceDemoProject -INFO - click on shoppingcart
2024-06-29 07:14:59,728 - SauceDemoProject -INFO - clicked on checkouttab
2024-06-29 07:14:59,806 - SauceDemoProject -INFO - entered first name
2024-06-29 07:14:59,911 - SauceDemoProject -INFO - entered last name
2024-06-29 07:15:00,018 - SauceDemoProject -INFO - entered postalcode
2024-06-29 07:15:00,130 - SauceDemoProject -INFO - clicked on continuebutton
2024-06-29 07:15:00,249 - SauceDemoProject -INFO - click on FInish
2024-06-29 07:15:00,446 - SauceDemoProject -INFO - Browser is closed
2024-06-29 07:16:02,571 - SauceDemoProject -INFO - username is entered
2024-06-29 07:16:02,671 - SauceDemoProject -INFO - password is entered
2024-06-29 07:16:02,820 - SauceDemoProject -INFO - click on Login Button
2024-06-29 07:16:03,098 - SauceDemoProject -INFO - apply the validation
2024-06-29 07:16:03,454 - SauceDemoProject -INFO - Browser is closed
2024-06-29 07:16:05,539 - SauceDemoProject -INFO - Browser is opened
2024-06-29 07:16:05,591 - SauceDemoProject -INFO - Browser is maximized
2024-06-29 07:16:10,199 - SauceDemoProject -INFO - Bag product will get selected
2024-06-29 07:16:10,607 - SauceDemoProject -INFO - Browser is closed
2024-06-29 07:16:12,779 - SauceDemoProject -INFO - Browser is opened
2024-06-29 07:16:12,817 - SauceDemoProject -INFO - Browser is maximized
2024-06-29 07:16:15,450 - SauceDemoProject -INFO - click on shoppingcart
2024-06-29 07:16:15,517 - SauceDemoProject -INFO - clicked on checkouttab
2024-06-29 07:16:15,598 - SauceDemoProject -INFO - entered first name
2024-06-29 07:16:15,696 - SauceDemoProject -INFO - entered last name
2024-06-29 07:16:15,791 - SauceDemoProject -INFO - entered postalcode
2024-06-29 07:16:15,880 - SauceDemoProject -INFO - clicked on continuebutton
2024-06-29 07:16:15,954 - SauceDemoProject -INFO - click on FInish
2024-06-29 07:16:16,184 - SauceDemoProject -INFO - Browser is closed
2024-06-29 08:09:41,695 - SauceDemoProject -INFO - username is entered
2024-06-29 08:09:41,791 - SauceDemoProject -INFO - password is entered
2024-06-29 08:09:41,926 - SauceDemoProject -INFO - click on Login Button
2024-06-29 08:09:42,250 - SauceDemoProject -INFO - apply the validation
2024-06-29 08:09:42,925 - SauceDemoProject -INFO - Browser is closed
2024-06-29 08:09:45,437 - SauceDemoProject -INFO - url is Entered
2024-06-29 08:09:45,439 - SauceDemoProject -INFO - Browser is opened
2024-06-29 08:09:45,496 - SauceDemoProject -INFO - Browser is maximized
2024-06-29 08:09:50,169 - SauceDemoProject -INFO - Bag product will get selected
2024-06-29 08:09:50,659 - SauceDemoProject -INFO - Browser is closed
2024-06-29 08:09:53,062 - SauceDemoProject -INFO - url is Entered
2024-06-29 08:09:53,063 - SauceDemoProject -INFO - Browser is opened
2024-06-29 08:09:53,125 - SauceDemoProject -INFO - Browser is maximized
2024-06-29 08:09:55,868 - SauceDemoProject -INFO - click on shoppingcart
2024-06-29 08:09:55,933 - SauceDemoProject -INFO - clicked on checkouttab
2024-06-29 08:09:56,025 - SauceDemoProject -INFO - entered first name
2024-06-29 08:09:56,155 - SauceDemoProject -INFO - entered last name
2024-06-29 08:09:56,262 - SauceDemoProject -INFO - entered postalcode
2024-06-29 08:09:56,373 - SauceDemoProject -INFO - clicked on continuebutton
2024-06-29 08:09:56,461 - SauceDemoProject -INFO - click on FInish
2024-06-29 08:09:56,645 - SauceDemoProject -INFO - Browser is closed
2024-06-29 08:21:49,307 - SauceDemoProject -INFO - username is entered
2024-06-29 08:21:49,414 - SauceDemoProject -INFO - password is entered
2024-06-29 08:21:49,573 - SauceDemoProject -INFO - click on Login Button
2024-06-29 08:21:49,850 - SauceDemoProject -INFO - apply the validation
2024-06-29 08:21:50,385 - SauceDemoProject -INFO - Browser is closed
2024-06-29 08:21:53,616 - SauceDemoProject -INFO - url is Entered
2024-06-29 08:21:53,616 - SauceDemoProject -INFO - Browser is opened
2024-06-29 08:21:53,675 - SauceDemoProject -INFO - Browser is maximized
2024-06-29 08:21:58,320 - SauceDemoProject -INFO - Bag product will get selected
2024-06-29 08:21:58,738 - SauceDemoProject -INFO - Browser is closed
2024-06-29 08:22:00,941 - SauceDemoProject -INFO - url is Entered
2024-06-29 08:22:00,943 - SauceDemoProject -INFO - Browser is opened
2024-06-29 08:22:01,652 - SauceDemoProject -INFO - Browser is maximized
2024-06-29 08:22:04,297 - SauceDemoProject -INFO - click on shoppingcart
2024-06-29 08:22:04,354 - SauceDemoProject -INFO - clicked on checkouttab
2024-06-29 08:22:04,436 - SauceDemoProject -INFO - entered first name
2024-06-29 08:22:04,538 - SauceDemoProject -INFO - entered last name
2024-06-29 08:22:04,637 - SauceDemoProject -INFO - entered postalcode
2024-06-29 08:22:04,720 - SauceDemoProject -INFO - clicked on continuebutton
2024-06-29 08:22:04,798 - SauceDemoProject -INFO - click on FInish
2024-06-29 08:22:04,990 - SauceDemoProject -INFO - Browser is closed
2024-06-29 08:41:17,022 - SauceDemoProject -INFO - username is entered
2024-06-29 08:41:17,123 - SauceDemoProject -INFO - password is entered
2024-06-29 08:41:17,264 - SauceDemoProject -INFO - click on Login Button
2024-06-29 08:41:17,605 - SauceDemoProject -INFO - apply the validation
2024-06-29 08:41:17,985 - SauceDemoProject -INFO - Browser is closed
2024-06-29 08:41:20,756 - SauceDemoProject -INFO - url is Entered
2024-06-29 08:41:20,757 - SauceDemoProject -INFO - Browser is opened
2024-06-29 08:41:20,798 - SauceDemoProject -INFO - Browser is maximized
2024-06-29 08:41:25,414 - SauceDemoProject -INFO - Bag product will get selected
2024-06-29 08:41:25,937 - SauceDemoProject -INFO - Browser is closed
2024-06-29 08:41:28,289 - SauceDemoProject -INFO - url is Entered
2024-06-29 08:41:28,289 - SauceDemoProject -INFO - Browser is opened
2024-06-29 08:41:28,320 - SauceDemoProject -INFO - Browser is maximized
2024-06-29 08:41:30,999 - SauceDemoProject -INFO - click on shoppingcart
2024-06-29 08:41:31,059 - SauceDemoProject -INFO - clicked on checkouttab
2024-06-29 08:41:31,172 - SauceDemoProject -INFO - entered first name
2024-06-29 08:41:31,280 - SauceDemoProject -INFO - entered last name
2024-06-29 08:41:31,379 - SauceDemoProject -INFO - entered postalcode
2024-06-29 08:41:31,475 - SauceDemoProject -INFO - clicked on continuebutton
2024-06-29 08:41:31,552 - SauceDemoProject -INFO - click on FInish
2024-06-29 08:41:31,799 - SauceDemoProject -INFO - Browser is closed
2024-06-29 08:46:54,859 - SauceDemoProject -INFO - username is entered
2024-06-29 08:46:54,964 - SauceDemoProject -INFO - password is entered
2024-06-29 08:46:55,097 - SauceDemoProject -INFO - click on Login Button
2024-06-29 08:46:55,408 - SauceDemoProject -INFO - apply the validation
2024-06-29 08:46:56,178 - SauceDemoProject -INFO - Browser is closed
2024-06-29 08:46:58,730 - SauceDemoProject -INFO - url is Entered
2024-06-29 08:46:58,730 - SauceDemoProject -INFO - Browser is opened
2024-06-29 08:46:58,792 - SauceDemoProject -INFO - Browser is maximized
2024-06-29 08:47:03,465 - SauceDemoProject -INFO - Bag product will get selected
2024-06-29 08:47:03,910 - SauceDemoProject -INFO - Browser is closed
2024-06-29 08:47:06,991 - SauceDemoProject -INFO - url is Entered
2024-06-29 08:47:06,991 - SauceDemoProject -INFO - Browser is opened
2024-06-29 08:47:07,039 - SauceDemoProject -INFO - Browser is maximized
2024-06-29 08:47:09,680 - SauceDemoProject -INFO - click on shoppingcart
2024-06-29 08:47:09,777 - SauceDemoProject -INFO - clicked on checkouttab
2024-06-29 08:47:09,897 - SauceDemoProject -INFO - entered first name
2024-06-29 08:47:10,025 - SauceDemoProject -INFO - entered last name
2024-06-29 08:47:10,136 - SauceDemoProject -INFO - entered postalcode
2024-06-29 08:47:10,230 - SauceDemoProject -INFO - clicked on continuebutton
2024-06-29 08:47:10,328 - SauceDemoProject -INFO - click on FInish
2024-06-29 08:47:10,622 - SauceDemoProject -INFO - Browser is closed
2024-06-29 12:38:23,679 - SauceDemoProject -INFO - username is entered
2024-06-29 12:38:23,793 - SauceDemoProject -INFO - password is entered
2024-06-29 12:38:23,927 - SauceDemoProject -INFO - click on Login Button
2024-06-29 12:38:23,928 - SauceDemoProject -INFO - apply the validation
2024-06-29 12:38:24,752 - SauceDemoProject -INFO - Browser is closed
2024-06-29 12:38:27,533 - SauceDemoProject -INFO - url is Entered
2024-06-29 12:38:27,533 - SauceDemoProject -INFO - Browser is opened
2024-06-29 12:38:27,581 - SauceDemoProject -INFO - Browser is maximized
2024-06-29 12:38:32,322 - SauceDemoProject -INFO - Bag product will get selected
2024-06-29 12:38:32,833 - SauceDemoProject -INFO - Browser is closed
2024-06-29 12:38:35,878 - SauceDemoProject -INFO - url is Entered
2024-06-29 12:38:35,882 - SauceDemoProject -INFO - Browser is opened
2024-06-29 12:38:35,923 - SauceDemoProject -INFO - Browser is maximized
2024-06-29 12:38:38,689 - SauceDemoProject -INFO - click on shoppingcart
2024-06-29 12:38:38,752 - SauceDemoProject -INFO - clicked on checkouttab
2024-06-29 12:38:38,850 - SauceDemoProject -INFO - entered first name
2024-06-29 12:38:38,981 - SauceDemoProject -INFO - entered last name
2024-06-29 12:38:39,118 - SauceDemoProject -INFO - entered postalcode
2024-06-29 12:38:39,207 - SauceDemoProject -INFO - clicked on continuebutton
2024-06-29 12:38:39,286 - SauceDemoProject -INFO - click on FInish
2024-06-29 12:38:39,552 - SauceDemoProject -INFO - Browser is closed
