2024-06-28 15:28:05,164 [main] INFO SauceDemoProject - apply the validation
2024-06-28 15:28:05,526 [main] INFO SauceDemoProject - Browser is closed
2024-06-28 15:29:19,097 [main] INFO SauceDemoProject - apply the validation
2024-06-28 15:29:19,383 [main] INFO SauceDemoProject - Browser is closed
2024-06-28 15:45:14,478 [main] INFO SauceDemoProject - apply the validation
2024-06-28 15:45:14,860 [main] INFO SauceDemoProject - Browser is closed
2024-06-28 15:51:21,856 [main] INFO SauceDemoProject - apply the validation
2024-06-28 15:51:22,334 [main] INFO SauceDemoProject - Browser is closed
2024-06-28 15:52:26,212 [main] INFO SauceDemoProject - apply the validation
2024-06-28 15:52:26,609 [main] INFO SauceDemoProject - Browser is closed
2024-06-28 16:15:32,201 [main] INFO SauceDemoProject - Browser is closed
2024-06-28 16:15:33,845 [main] INFO SauceDemoProject - Browser is opened
2024-06-28 16:15:34,862 [main] INFO SauceDemoProject - Browser is maximized
2024-06-28 16:15:35,202 [main] INFO SauceDemoProject - apply the validation
2024-06-28 16:15:35,640 [main] INFO SauceDemoProject - Browser is closed
2024-06-28 16:15:37,069 [main] INFO SauceDemoProject - Browser is opened
2024-06-28 16:15:37,917 [main] INFO SauceDemoProject - Browser is maximized
2024-06-28 16:15:41,663 [main] INFO SauceDemoProject - Browser is closed
2024-06-28 16:23:46,355 [main] INFO SauceDemoProject - Browser is closed
2024-06-28 16:25:13,120 [main] INFO SauceDemoProject - Browser is closed
2024-06-28 16:25:21,074 [main] INFO SauceDemoProject - Browser is opened
2024-06-28 16:25:21,274 [main] INFO SauceDemoProject - Browser is maximized
2024-06-28 16:25:22,050 [main] INFO SauceDemoProject - Browser is closed
2024-06-28 16:25:29,300 [main] INFO SauceDemoProject - Browser is opened
2024-06-28 16:25:29,358 [main] INFO SauceDemoProject - Browser is maximized
2024-06-28 16:25:38,167 [main] INFO SauceDemoProject - Browser is closed
2024-06-28 16:29:24,542 [main] INFO SauceDemoProject - Browser is closed
2024-06-28 16:29:27,239 [main] INFO SauceDemoProject - Browser is opened
2024-06-28 16:29:27,289 [main] INFO SauceDemoProject - Browser is maximized
2024-06-28 16:29:27,633 [main] INFO SauceDemoProject - apply the validation
2024-06-28 16:29:28,457 [main] INFO SauceDemoProject - Browser is closed
2024-06-28 16:29:31,621 [main] INFO SauceDemoProject - Browser is opened
2024-06-28 16:29:31,671 [main] INFO SauceDemoProject - Browser is maximized
2024-06-28 16:29:37,417 [main] INFO SauceDemoProject - Browser is closed
2024-06-28 16:49:00,611 [main] INFO SauceDemoProject - Browser is closed
2024-06-28 16:49:03,397 [main] INFO SauceDemoProject - Browser is opened
2024-06-28 16:49:03,446 [main] INFO SauceDemoProject - Browser is maximized
2024-06-28 16:49:03,758 [main] INFO SauceDemoProject - apply the validation
2024-06-28 16:49:04,572 [main] INFO SauceDemoProject - Browser is closed
2024-06-28 16:49:07,070 [main] INFO SauceDemoProject - Browser is opened
2024-06-28 16:49:07,119 [main] INFO SauceDemoProject - Browser is maximized
2024-06-28 16:49:11,484 [main] INFO SauceDemoProject - Browser is closed
2024-06-28 17:23:06,302 [main] INFO SauceDemoProject - Browser is closed
2024-06-28 17:23:10,622 [main] INFO SauceDemoProject - Browser is opened
2024-06-28 17:23:10,701 [main] INFO SauceDemoProject - Browser is maximized
2024-06-28 17:23:10,962 [main] INFO SauceDemoProject - apply the validation
2024-06-28 17:23:11,517 [main] INFO SauceDemoProject - Browser is closed
2024-06-28 17:23:14,454 [main] INFO SauceDemoProject - Browser is opened
2024-06-28 17:23:14,522 [main] INFO SauceDemoProject - Browser is maximized
2024-06-28 17:23:18,944 [main] INFO SauceDemoProject - Browser is closed
2024-06-28 17:25:42,281 [main] INFO SauceDemoProject - Browser is closed
2024-06-28 17:25:44,712 [main] INFO SauceDemoProject - Browser is opened
2024-06-28 17:25:44,769 [main] INFO SauceDemoProject - Browser is maximized
2024-06-28 17:25:45,083 [main] INFO SauceDemoProject - apply the validation
2024-06-28 17:25:45,674 [main] INFO SauceDemoProject - Browser is closed
2024-06-28 17:25:47,913 [main] INFO SauceDemoProject - Browser is opened
2024-06-28 17:25:48,981 [main] INFO SauceDemoProject - Browser is maximized
2024-06-28 17:25:51,619 [main] INFO SauceDemoProject - Browser is closed
2024-06-28 17:27:33,288 [main] INFO SauceDemoProject - apply the validation
2024-06-28 17:27:33,867 [main] INFO SauceDemoProject - Browser is closed
2024-06-28 17:28:03,073 [main] INFO SauceDemoProject - apply the validation
2024-06-28 17:28:03,407 [main] INFO SauceDemoProject - Browser is closed
2024-06-28 17:28:57,897 [main] INFO SauceDemoProject - Browser is closed
2024-06-28 17:29:00,724 [main] INFO SauceDemoProject - Browser is opened
2024-06-28 17:29:00,791 [main] INFO SauceDemoProject - Browser is maximized
2024-06-28 17:29:01,090 [main] INFO SauceDemoProject - apply the validation
2024-06-28 17:29:01,406 [main] INFO SauceDemoProject - Browser is closed
2024-06-28 17:29:04,010 [main] INFO SauceDemoProject - Browser is opened
2024-06-28 17:29:04,060 [main] INFO SauceDemoProject - Browser is maximized
2024-06-28 17:29:07,370 [main] INFO SauceDemoProject - Browser is closed
2024-06-28 17:32:07,714 [main] INFO SauceDemoProject - Browser is opened
2024-06-28 17:32:07,764 [main] INFO SauceDemoProject - Browser is maximized
2024-06-28 17:32:08,103 [main] INFO SauceDemoProject - apply the validation
2024-06-28 17:32:11,042 [main] INFO SauceDemoProject - Browser is opened
2024-06-28 17:32:11,108 [main] INFO SauceDemoProject - Browser is maximized
2024-06-28 17:36:11,474 [main] INFO SauceDemoProject - apply the validation
2024-06-28 17:36:14,521 [main] INFO SauceDemoProject - Browser is opened
2024-06-28 17:36:14,575 [main] INFO SauceDemoProject - Browser is maximized
2024-06-28 17:36:23,105 [main] INFO SauceDemoProject - Browser is opened
2024-06-28 17:36:23,166 [main] INFO SauceDemoProject - Browser is maximized
2024-06-28 22:28:44,609 [main] INFO SauceDemoProject - apply the validation
2024-06-28 22:28:44,954 [main] INFO SauceDemoProject - Browser is closed
2024-06-28 22:28:48,113 [main] INFO SauceDemoProject - Browser is opened
2024-06-28 22:28:48,158 [main] INFO SauceDemoProject - Browser is maximized
2024-06-28 22:28:56,087 [main] INFO SauceDemoProject - Browser is closed
2024-06-28 22:28:59,159 [main] INFO SauceDemoProject - Browser is opened
2024-06-28 22:29:01,042 [main] INFO SauceDemoProject - Browser is maximized
2024-06-28 22:29:03,567 [main] INFO SauceDemoProject - Browser is closed
2024-06-28 22:57:31,853 [main] INFO SauceDemoProject - apply the validation
2024-06-28 22:57:33,182 [main] INFO SauceDemoProject - Browser is closed
2024-06-28 22:57:37,642 [main] INFO SauceDemoProject - Browser is opened
2024-06-28 22:57:37,882 [main] INFO SauceDemoProject - Browser is maximized
2024-06-28 22:57:46,636 [main] INFO SauceDemoProject - Browser is opened
2024-06-28 22:57:46,846 [main] INFO SauceDemoProject - Browser is maximized
2024-06-28 23:05:18,162 [main] INFO SauceDemoProject - apply the validation
2024-06-28 23:05:20,905 [main] INFO SauceDemoProject - Browser is opened
2024-06-28 23:05:22,061 [main] INFO SauceDemoProject - Browser is maximized
2024-06-28 23:11:20,950 [main] INFO SauceDemoProject - apply the validation
2024-06-28 23:11:46,869 [main] INFO SauceDemoProject - Browser is opened
2024-06-28 23:11:46,988 [main] INFO SauceDemoProject - Browser is maximized
2024-06-28 23:11:57,833 [main] INFO SauceDemoProject - Browser is opened
2024-06-28 23:11:57,971 [main] INFO SauceDemoProject - Browser is maximized
2024-06-28 23:12:00,619 [main] INFO SauceDemoProject - click on shoppingcart
2024-06-28 23:12:00,684 [main] INFO SauceDemoProject - clicked on checkouttab
2024-06-28 23:12:00,772 [main] INFO SauceDemoProject - entered first name
2024-06-28 23:12:00,939 [main] INFO SauceDemoProject - entered last name
2024-06-28 23:12:01,048 [main] INFO SauceDemoProject - entered postalcode
2024-06-28 23:12:01,150 [main] INFO SauceDemoProject - clicked on continuebutton
2024-06-28 23:12:01,229 [main] INFO SauceDemoProject - click on FInish
2024-06-28 23:27:49,856 [main] INFO SauceDemoProject - apply the validation
2024-06-28 23:27:53,823 [main] INFO SauceDemoProject - Browser is opened
2024-06-28 23:27:54,940 [main] INFO SauceDemoProject - Browser is maximized
2024-06-28 23:28:05,306 [main] INFO SauceDemoProject - Browser is opened
2024-06-28 23:28:05,577 [main] INFO SauceDemoProject - Browser is maximized
2024-06-28 23:29:40,912 [main] INFO SauceDemoProject - apply the validation
2024-06-28 23:29:45,198 [main] INFO SauceDemoProject - Browser is opened
2024-06-28 23:29:45,315 [main] INFO SauceDemoProject - Browser is maximized
2024-06-28 23:29:55,495 [main] INFO SauceDemoProject - Browser is opened
2024-06-28 23:29:55,824 [main] INFO SauceDemoProject - Browser is maximized
2024-06-28 23:32:10,272 [main] INFO SauceDemoProject - apply the validation
2024-06-28 23:32:13,094 [main] INFO SauceDemoProject - Browser is opened
2024-06-28 23:32:14,527 [main] INFO SauceDemoProject - Browser is maximized
2024-06-28 23:32:26,271 [main] INFO SauceDemoProject - Browser is opened
2024-06-28 23:32:26,409 [main] INFO SauceDemoProject - Browser is maximized
2024-06-28 23:38:00,993 [main] INFO SauceDemoProject - apply the validation
2024-06-28 23:38:04,584 [main] INFO SauceDemoProject - Browser is opened
2024-06-28 23:38:04,767 [main] INFO SauceDemoProject - Browser is maximized
2024-06-28 23:38:14,304 [main] INFO SauceDemoProject - Browser is opened
2024-06-28 23:38:14,648 [main] INFO SauceDemoProject - Browser is maximized
2024-06-28 23:38:18,092 [main] INFO SauceDemoProject - click on shoppingcart
2024-06-28 23:38:18,198 [main] INFO SauceDemoProject - clicked on checkouttab
2024-06-28 23:38:18,348 [main] INFO SauceDemoProject - entered first name
2024-06-28 23:38:18,854 [main] INFO SauceDemoProject - entered last name
2024-06-28 23:38:19,168 [main] INFO SauceDemoProject - entered postalcode
2024-06-28 23:38:19,318 [main] INFO SauceDemoProject - clicked on continuebutton
2024-06-28 23:38:19,446 [main] INFO SauceDemoProject - click on FInish
2024-06-29 07:08:19,180 [main] INFO SauceDemoProject - apply the validation
2024-06-29 07:08:21,528 [main] INFO SauceDemoProject - Browser is opened
2024-06-29 07:08:22,347 [main] INFO SauceDemoProject - Browser is maximized
2024-06-29 07:08:30,678 [main] INFO SauceDemoProject - Browser is opened
2024-06-29 07:08:30,781 [main] INFO SauceDemoProject - Browser is maximized
2024-06-29 07:08:33,630 [main] INFO SauceDemoProject - click on shoppingcart
2024-06-29 07:08:33,733 [main] INFO SauceDemoProject - clicked on checkouttab
2024-06-29 07:08:33,990 [main] INFO SauceDemoProject - entered first name
2024-06-29 07:08:34,141 [main] INFO SauceDemoProject - entered last name
2024-06-29 07:08:34,311 [main] INFO SauceDemoProject - entered postalcode
2024-06-29 07:08:34,462 [main] INFO SauceDemoProject - clicked on continuebutton
2024-06-29 07:08:34,598 [main] INFO SauceDemoProject - click on FInish
2024-06-29 07:14:46,351 [main] INFO SauceDemoProject - apply the validation
2024-06-29 07:14:46,501 [main] INFO SauceDemoProject - username is entered
2024-06-29 07:14:46,620 [main] INFO SauceDemoProject - password is entered
2024-06-29 07:14:46,775 [main] INFO SauceDemoProject - click on Login Button
2024-06-29 07:14:47,099 [main] INFO SauceDemoProject - Browser is closed
2024-06-29 07:14:49,711 [main] INFO SauceDemoProject - Browser is opened
2024-06-29 07:14:49,744 [main] INFO SauceDemoProject - Browser is maximized
2024-06-29 07:14:54,364 [main] INFO SauceDemoProject - Bag product will get selected
2024-06-29 07:14:54,878 [main] INFO SauceDemoProject - Browser is closed
2024-06-29 07:14:56,324 [main] INFO SauceDemoProject - Browser is opened
2024-06-29 07:14:57,016 [main] INFO SauceDemoProject - Browser is maximized
2024-06-29 07:14:59,675 [main] INFO SauceDemoProject - click on shoppingcart
2024-06-29 07:14:59,728 [main] INFO SauceDemoProject - clicked on checkouttab
2024-06-29 07:14:59,806 [main] INFO SauceDemoProject - entered first name
2024-06-29 07:14:59,911 [main] INFO SauceDemoProject - entered last name
2024-06-29 07:15:00,018 [main] INFO SauceDemoProject - entered postalcode
2024-06-29 07:15:00,130 [main] INFO SauceDemoProject - clicked on continuebutton
2024-06-29 07:15:00,249 [main] INFO SauceDemoProject - click on FInish
2024-06-29 07:15:00,446 [main] INFO SauceDemoProject - Browser is closed
2024-06-29 07:16:02,571 [main] INFO SauceDemoProject - username is entered
2024-06-29 07:16:02,671 [main] INFO SauceDemoProject - password is entered
2024-06-29 07:16:02,820 [main] INFO SauceDemoProject - click on Login Button
2024-06-29 07:16:03,098 [main] INFO SauceDemoProject - apply the validation
2024-06-29 07:16:03,454 [main] INFO SauceDemoProject - Browser is closed
2024-06-29 07:16:05,539 [main] INFO SauceDemoProject - Browser is opened
2024-06-29 07:16:05,591 [main] INFO SauceDemoProject - Browser is maximized
2024-06-29 07:16:10,199 [main] INFO SauceDemoProject - Bag product will get selected
2024-06-29 07:16:10,607 [main] INFO SauceDemoProject - Browser is closed
2024-06-29 07:16:12,779 [main] INFO SauceDemoProject - Browser is opened
2024-06-29 07:16:12,817 [main] INFO SauceDemoProject - Browser is maximized
2024-06-29 07:16:15,450 [main] INFO SauceDemoProject - click on shoppingcart
2024-06-29 07:16:15,517 [main] INFO SauceDemoProject - clicked on checkouttab
2024-06-29 07:16:15,598 [main] INFO SauceDemoProject - entered first name
2024-06-29 07:16:15,696 [main] INFO SauceDemoProject - entered last name
2024-06-29 07:16:15,791 [main] INFO SauceDemoProject - entered postalcode
2024-06-29 07:16:15,880 [main] INFO SauceDemoProject - clicked on continuebutton
2024-06-29 07:16:15,954 [main] INFO SauceDemoProject - click on FInish
2024-06-29 07:16:16,184 [main] INFO SauceDemoProject - Browser is closed
2024-06-29 08:09:41,695 [main] INFO SauceDemoProject - username is entered
2024-06-29 08:09:41,791 [main] INFO SauceDemoProject - password is entered
2024-06-29 08:09:41,926 [main] INFO SauceDemoProject - click on Login Button
2024-06-29 08:09:42,250 [main] INFO SauceDemoProject - apply the validation
2024-06-29 08:09:42,925 [main] INFO SauceDemoProject - Browser is closed
2024-06-29 08:09:45,437 [main] INFO SauceDemoProject - url is Entered
2024-06-29 08:09:45,439 [main] INFO SauceDemoProject - Browser is opened
2024-06-29 08:09:45,496 [main] INFO SauceDemoProject - Browser is maximized
2024-06-29 08:09:50,169 [main] INFO SauceDemoProject - Bag product will get selected
2024-06-29 08:09:50,659 [main] INFO SauceDemoProject - Browser is closed
2024-06-29 08:09:53,062 [main] INFO SauceDemoProject - url is Entered
2024-06-29 08:09:53,063 [main] INFO SauceDemoProject - Browser is opened
2024-06-29 08:09:53,125 [main] INFO SauceDemoProject - Browser is maximized
2024-06-29 08:09:55,868 [main] INFO SauceDemoProject - click on shoppingcart
2024-06-29 08:09:55,933 [main] INFO SauceDemoProject - clicked on checkouttab
2024-06-29 08:09:56,025 [main] INFO SauceDemoProject - entered first name
2024-06-29 08:09:56,155 [main] INFO SauceDemoProject - entered last name
2024-06-29 08:09:56,262 [main] INFO SauceDemoProject - entered postalcode
2024-06-29 08:09:56,373 [main] INFO SauceDemoProject - clicked on continuebutton
2024-06-29 08:09:56,461 [main] INFO SauceDemoProject - click on FInish
2024-06-29 08:09:56,645 [main] INFO SauceDemoProject - Browser is closed
2024-06-29 08:21:49,307 [main] INFO SauceDemoProject - username is entered
2024-06-29 08:21:49,414 [main] INFO SauceDemoProject - password is entered
2024-06-29 08:21:49,573 [main] INFO SauceDemoProject - click on Login Button
2024-06-29 08:21:49,850 [main] INFO SauceDemoProject - apply the validation
2024-06-29 08:21:50,385 [main] INFO SauceDemoProject - Browser is closed
2024-06-29 08:21:53,616 [main] INFO SauceDemoProject - url is Entered
2024-06-29 08:21:53,616 [main] INFO SauceDemoProject - Browser is opened
2024-06-29 08:21:53,675 [main] INFO SauceDemoProject - Browser is maximized
2024-06-29 08:21:58,320 [main] INFO SauceDemoProject - Bag product will get selected
2024-06-29 08:21:58,738 [main] INFO SauceDemoProject - Browser is closed
2024-06-29 08:22:00,941 [main] INFO SauceDemoProject - url is Entered
2024-06-29 08:22:00,943 [main] INFO SauceDemoProject - Browser is opened
2024-06-29 08:22:01,652 [main] INFO SauceDemoProject - Browser is maximized
2024-06-29 08:22:04,297 [main] INFO SauceDemoProject - click on shoppingcart
2024-06-29 08:22:04,354 [main] INFO SauceDemoProject - clicked on checkouttab
2024-06-29 08:22:04,436 [main] INFO SauceDemoProject - entered first name
2024-06-29 08:22:04,538 [main] INFO SauceDemoProject - entered last name
2024-06-29 08:22:04,637 [main] INFO SauceDemoProject - entered postalcode
2024-06-29 08:22:04,720 [main] INFO SauceDemoProject - clicked on continuebutton
2024-06-29 08:22:04,798 [main] INFO SauceDemoProject - click on FInish
2024-06-29 08:22:04,990 [main] INFO SauceDemoProject - Browser is closed
2024-06-29 08:41:17,022 [main] INFO SauceDemoProject - username is entered
2024-06-29 08:41:17,123 [main] INFO SauceDemoProject - password is entered
2024-06-29 08:41:17,264 [main] INFO SauceDemoProject - click on Login Button
2024-06-29 08:41:17,605 [main] INFO SauceDemoProject - apply the validation
2024-06-29 08:41:17,985 [main] INFO SauceDemoProject - Browser is closed
2024-06-29 08:41:20,756 [main] INFO SauceDemoProject - url is Entered
2024-06-29 08:41:20,757 [main] INFO SauceDemoProject - Browser is opened
2024-06-29 08:41:20,798 [main] INFO SauceDemoProject - Browser is maximized
2024-06-29 08:41:25,414 [main] INFO SauceDemoProject - Bag product will get selected
2024-06-29 08:41:25,937 [main] INFO SauceDemoProject - Browser is closed
2024-06-29 08:41:28,289 [main] INFO SauceDemoProject - url is Entered
2024-06-29 08:41:28,289 [main] INFO SauceDemoProject - Browser is opened
2024-06-29 08:41:28,320 [main] INFO SauceDemoProject - Browser is maximized
2024-06-29 08:41:30,999 [main] INFO SauceDemoProject - click on shoppingcart
2024-06-29 08:41:31,059 [main] INFO SauceDemoProject - clicked on checkouttab
2024-06-29 08:41:31,172 [main] INFO SauceDemoProject - entered first name
2024-06-29 08:41:31,280 [main] INFO SauceDemoProject - entered last name
2024-06-29 08:41:31,379 [main] INFO SauceDemoProject - entered postalcode
2024-06-29 08:41:31,475 [main] INFO SauceDemoProject - clicked on continuebutton
2024-06-29 08:41:31,552 [main] INFO SauceDemoProject - click on FInish
2024-06-29 08:41:31,799 [main] INFO SauceDemoProject - Browser is closed
2024-06-29 08:46:54,859 [main] INFO SauceDemoProject - username is entered
2024-06-29 08:46:54,964 [main] INFO SauceDemoProject - password is entered
2024-06-29 08:46:55,097 [main] INFO SauceDemoProject - click on Login Button
2024-06-29 08:46:55,408 [main] INFO SauceDemoProject - apply the validation
2024-06-29 08:46:56,178 [main] INFO SauceDemoProject - Browser is closed
2024-06-29 08:46:58,730 [main] INFO SauceDemoProject - url is Entered
2024-06-29 08:46:58,730 [main] INFO SauceDemoProject - Browser is opened
2024-06-29 08:46:58,792 [main] INFO SauceDemoProject - Browser is maximized
2024-06-29 08:47:03,465 [main] INFO SauceDemoProject - Bag product will get selected
2024-06-29 08:47:03,910 [main] INFO SauceDemoProject - Browser is closed
2024-06-29 08:47:06,991 [main] INFO SauceDemoProject - url is Entered
2024-06-29 08:47:06,991 [main] INFO SauceDemoProject - Browser is opened
2024-06-29 08:47:07,039 [main] INFO SauceDemoProject - Browser is maximized
2024-06-29 08:47:09,680 [main] INFO SauceDemoProject - click on shoppingcart
2024-06-29 08:47:09,777 [main] INFO SauceDemoProject - clicked on checkouttab
2024-06-29 08:47:09,897 [main] INFO SauceDemoProject - entered first name
2024-06-29 08:47:10,025 [main] INFO SauceDemoProject - entered last name
2024-06-29 08:47:10,136 [main] INFO SauceDemoProject - entered postalcode
2024-06-29 08:47:10,230 [main] INFO SauceDemoProject - clicked on continuebutton
2024-06-29 08:47:10,328 [main] INFO SauceDemoProject - click on FInish
2024-06-29 08:47:10,622 [main] INFO SauceDemoProject - Browser is closed
2024-06-29 12:38:23,679 [main] INFO SauceDemoProject - username is entered
2024-06-29 12:38:23,793 [main] INFO SauceDemoProject - password is entered
2024-06-29 12:38:23,927 [main] INFO SauceDemoProject - click on Login Button
2024-06-29 12:38:23,928 [main] INFO SauceDemoProject - apply the validation
2024-06-29 12:38:24,752 [main] INFO SauceDemoProject - Browser is closed
2024-06-29 12:38:27,533 [main] INFO SauceDemoProject - url is Entered
2024-06-29 12:38:27,533 [main] INFO SauceDemoProject - Browser is opened
2024-06-29 12:38:27,581 [main] INFO SauceDemoProject - Browser is maximized
2024-06-29 12:38:32,322 [main] INFO SauceDemoProject - Bag product will get selected
2024-06-29 12:38:32,833 [main] INFO SauceDemoProject - Browser is closed
2024-06-29 12:38:35,878 [main] INFO SauceDemoProject - url is Entered
2024-06-29 12:38:35,882 [main] INFO SauceDemoProject - Browser is opened
2024-06-29 12:38:35,923 [main] INFO SauceDemoProject - Browser is maximized
2024-06-29 12:38:38,689 [main] INFO SauceDemoProject - click on shoppingcart
2024-06-29 12:38:38,752 [main] INFO SauceDemoProject - clicked on checkouttab
2024-06-29 12:38:38,850 [main] INFO SauceDemoProject - entered first name
2024-06-29 12:38:38,981 [main] INFO SauceDemoProject - entered last name
2024-06-29 12:38:39,118 [main] INFO SauceDemoProject - entered postalcode
2024-06-29 12:38:39,207 [main] INFO SauceDemoProject - clicked on continuebutton
2024-06-29 12:38:39,286 [main] INFO SauceDemoProject - click on FInish
2024-06-29 12:38:39,552 [main] INFO SauceDemoProject - Browser is closed
